<?xml version="1.0" encoding="UTF-8"?>
<!-- Generated by org.testng.reporters.JUnitReportReporter -->
<testsuite hostname="HasanAbdullah" failures="0" tests="4" name="LoginTest" time="1.457" errors="0" timestamp="2023-04-22T23:08:01 MESZ" skipped="0">
  <testcase classname="LoginTest" name="userHitsLogInLink" time="0.702"/>
  <system-out/>
  <testcase classname="LoginTest" name="userEntersEmail" time="0.127"/>
  <system-out/>
  <testcase classname="LoginTest" name="userEntersPassword" time="0.139"/>
  <system-out/>
  <testcase classname="LoginTest" name="userClickLoginButton" time="0.489"/>
  <system-out/>
</testsuite> <!-- LoginTest -->
