<?xml version="1.0" encoding="UTF-8"?>
<!-- Generated by org.testng.reporters.JUnitReportReporter -->
<testsuite hostname="HasanAbd" failures="0" tests="5" name="LoginTest" time="1.904" errors="0" timestamp="2023-05-01T19:38:12 MESZ" skipped="0">
  <testcase classname="LoginTest" name="userHitsLogInLink" time="0.815"/>
  <system-out/>
  <testcase classname="LoginTest" name="userEntersEmail" time="0.102"/>
  <system-out/>
  <testcase classname="LoginTest" name="userEntersPassword" time="0.110"/>
  <system-out/>
  <testcase classname="LoginTest" name="userClickLoginButton" time="0.332"/>
  <system-out/>
  <testcase classname="LoginTest" name="invalidEmailAddress" time="0.545"/>
  <system-out/>
</testsuite> <!-- LoginTest -->
